<?xml version="1.0" encoding="UTF-8" ?>
<testsuite failures="0" time="0" errors="0" skipped="0" tests="1" name="uk.co.jacekk.bukkit.baseplugin.v1.command.args.TestKeyValueArgumentProcessor">
  <properties>
    <property name="java.runtime.name" value="Java(TM) SE Runtime Environment"/>
    <property name="sun.boot.library.path" value="/usr/local/java/jdk1.6.0_33/jre/lib/i386"/>
    <property name="java.vm.version" value="20.8-b03"/>
    <property name="java.vm.vendor" value="Sun Microsystems Inc."/>
    <property name="java.vendor.url" value="http://java.sun.com/"/>
    <property name="path.separator" value=":"/>
    <property name="guice.disable.misplaced.annotation.check" value="true"/>
    <property name="java.vm.name" value="Java HotSpot(TM) Server VM"/>
    <property name="file.encoding.pkg" value="sun.io"/>
    <property name="user.country" value="US"/>
    <property name="sun.java.launcher" value="SUN_STANDARD"/>
    <property name="sun.os.patch.level" value="unknown"/>
    <property name="java.vm.specification.name" value="Java Virtual Machine Specification"/>
    <property name="user.dir" value="/home/rbruce/git/BasePlugin"/>
    <property name="java.runtime.version" value="1.6.0_33-b03"/>
    <property name="java.awt.graphicsenv" value="sun.awt.X11GraphicsEnvironment"/>
    <property name="java.endorsed.dirs" value="/usr/local/java/jdk1.6.0_33/jre/lib/endorsed"/>
    <property name="os.arch" value="i386"/>
    <property name="java.io.tmpdir" value="/tmp"/>
    <property name="line.separator" value="
"/>
    <property name="java.vm.specification.vendor" value="Sun Microsystems Inc."/>
    <property name="os.name" value="Linux"/>
    <property name="classworlds.conf" value="/home/rbruce/Desktop/bukkitDev/eclipse/.metadata/.plugins/org.eclipse.m2e.core/launches/m2conf8997859656475242878.tmp"/>
    <property name="sun.jnu.encoding" value="UTF-8"/>
    <property name="java.library.path" value="/usr/local/java/jdk1.6.0_33/jre/lib/i386/server:/usr/local/java/jdk1.6.0_33/jre/lib/i386:/usr/local/java/jdk1.6.0_33/jre/../lib/i386:/usr/local/java/jdk1.6.0_33/jre/lib/i386/client:/usr/local/java/jdk1.6.0_33/jre/lib/i386::/usr/java/packages/lib/i386:/lib:/usr/lib"/>
    <property name="java.specification.name" value="Java Platform API Specification"/>
    <property name="java.class.version" value="50.0"/>
    <property name="sun.management.compiler" value="HotSpot Tiered Compilers"/>
    <property name="os.version" value="3.2.0-32-generic-pae"/>
    <property name="user.home" value="/home/rbruce"/>
    <property name="user.timezone" value="America/New_York"/>
    <property name="java.awt.printerjob" value="sun.print.PSPrinterJob"/>
    <property name="file.encoding" value="UTF-8"/>
    <property name="java.specification.version" value="1.6"/>
    <property name="user.name" value="rbruce"/>
    <property name="java.class.path" value="/home/rbruce/.eclipse/org.eclipse.platform_3.7.0_155965261/plugins/org.eclipse.m2e.maven.runtime_1.1.0.20120529-1956/jars/plexus-classworlds-2.4.jar"/>
    <property name="java.vm.specification.version" value="1.0"/>
    <property name="sun.arch.data.model" value="32"/>
    <property name="java.home" value="/usr/local/java/jdk1.6.0_33/jre"/>
    <property name="sun.java.command" value="org.codehaus.plexus.classworlds.launcher.Launcher -B install"/>
    <property name="java.specification.vendor" value="Sun Microsystems Inc."/>
    <property name="user.language" value="en"/>
    <property name="java.vm.info" value="mixed mode"/>
    <property name="java.version" value="1.6.0_33"/>
    <property name="java.ext.dirs" value="/usr/local/java/jdk1.6.0_33/jre/lib/ext:/usr/java/packages/lib/ext"/>
    <property name="securerandom.source" value="file:/dev/./urandom"/>
    <property name="sun.boot.class.path" value="/usr/local/java/jdk1.6.0_33/jre/lib/resources.jar:/usr/local/java/jdk1.6.0_33/jre/lib/rt.jar:/usr/local/java/jdk1.6.0_33/jre/lib/sunrsasign.jar:/usr/local/java/jdk1.6.0_33/jre/lib/jsse.jar:/usr/local/java/jdk1.6.0_33/jre/lib/jce.jar:/usr/local/java/jdk1.6.0_33/jre/lib/charsets.jar:/usr/local/java/jdk1.6.0_33/jre/lib/modules/jdk.boot.jar:/usr/local/java/jdk1.6.0_33/jre/classes"/>
    <property name="java.vendor" value="Sun Microsystems Inc."/>
    <property name="maven.home" value="/home/rbruce/git/BasePlugin/EMBEDDED"/>
    <property name="file.separator" value="/"/>
    <property name="java.vendor.url.bug" value="http://java.sun.com/cgi-bin/bugreport.cgi"/>
    <property name="sun.cpu.endian" value="little"/>
    <property name="sun.io.unicode.encoding" value="UnicodeLittle"/>
    <property name="sun.desktop" value="gnome"/>
    <property name="sun.cpu.isalist" value=""/>
  </properties>
  <testcase time="0" classname="uk.co.jacekk.bukkit.baseplugin.v1.command.args.TestKeyValueArgumentProcessor" name="test"/>
</testsuite>